<?xml version="1.0" encoding="UTF-8"?>
<testsuite xmlns:xsi="http://www.w3.org/2001/XMLSchema-instance" xsi:noNamespaceSchemaLocation="https://maven.apache.org/surefire/maven-surefire-plugin/xsd/surefire-test-report-3.0.xsd" version="3.0" name="G8.T6.EditorApp.EditorAppApplicationTests" time="11.323" tests="1" errors="0" skipped="0" failures="0">
  <properties>
[...]
</properties>
  <testcase name="contextLoads" classname="G8.T6.EditorApp.EditorAppApplicationTests" time="3.254">
    <system-out><![CDATA[
  .   ____          _            __ _ _
 /\\ / ___'_ __ _ _(_)_ __  __ _ \ \ \ \
( ( )\___ | '_ | '_| | '_ \/ _` | \ \ \ \
 \\/  ___)| |_)| | | | | || (_| |  ) ) ) )
  '  |____| .__|_| |_|_| |_\__, | / / / /
 =========|_|==============|___/=/_/_/_/
 :: Spring Boot ::                (v3.1.1)

2023-07-11T16:32:29.388+02:00  INFO 11776 --- [           main] G.T.EditorApp.EditorAppApplicationTests  : Starting EditorAppApplicationTests using Java 18.0.1 with PID 11776 (started by kekkodis in C:\Users\franc\Desktop\T6-G8\codice\EditorApp)
2023-07-11T16:32:29.397+02:00  INFO 11776 --- [           main] G.T.EditorApp.EditorAppApplicationTests  : No active profile set, falling back to 1 default profile: "default"
2023-07-11T16:32:32.457+02:00  INFO 11776 --- [           main] trationDelegate$BeanPostProcessorChecker : Bean 'org.springframework.ws.config.annotation.DelegatingWsConfiguration' of type [org.springframework.ws.config.annotation.DelegatingWsConfiguration$$SpringCGLIB$$0] is not eligible for getting processed by all BeanPostProcessors (for example: not eligible for auto-proxying)
2023-07-11T16:32:32.587+02:00  INFO 11776 --- [           main] .w.s.a.s.AnnotationActionEndpointMapping : Supporting [WS-Addressing August 2004, WS-Addressing 1.0]
2023-07-11T16:32:35.156+02:00  INFO 11776 --- [           main] G.T.EditorApp.EditorAppApplicationTests  : Started EditorAppApplicationTests in 6.682 seconds (process running for 9.602)
]]></system-out>
  </testcase>
</testsuite>