<?xml version="1.0" encoding="UTF-8" standalone="yes"?>
<!DOCTYPE report PUBLIC "-//JACOCO//DTD Report 1.1//EN" "report.dtd">
<report name="maven-code-coverage">
<sessioninfo id="MacBook-Pro-di-Emanuele.local-523654d0" start="1684831704253" dump="1684831704868"/>
<package name="com/mkyong/examples">
<class name="com/mkyong/examples/ClassUnderTest" sourcefilename="ClassUnderTest.java">
<method name="&lt;init&gt;" desc="()V" line="2">
<counter type="INSTRUCTION" missed="0" covered="3"/>
<counter type="LINE" missed="0" covered="1"/>
<counter type="COMPLEXITY" missed="0" covered="1"/>
<counter type="METHOD" missed="0" covered="1"/>
</method>
<method name="add" desc="(II)I" line="4">
<counter type="INSTRUCTION" missed="0" covered="4"/>
<counter type="LINE" missed="0" covered="1"/>
<counter type="COMPLEXITY" missed="0" covered="1"/>
<counter type="METHOD" missed="0" covered="1"/>
</method>
<counter type="INSTRUCTION" missed="0" covered="7"/>
<counter type="LINE" missed="0" covered="2"/>
<counter type="COMPLEXITY" missed="0" covered="2"/>
<counter type="METHOD" missed="0" covered="2"/>
<counter type="CLASS" missed="0" covered="1"/>
</class>
<sourcefile name="ClassUnderTest.java">
<line nr="2" mi="0" ci="3" mb="0" cb="0"/>
<line nr="4" mi="0" ci="4" mb="0" cb="0"/>
<counter type="INSTRUCTION" missed="0" covered="7"/>
<counter type="LINE" missed="0" covered="2"/>
<counter type="COMPLEXITY" missed="0" covered="2"/>
<counter type="METHOD" missed="0" covered="2"/>
<counter type="CLASS" missed="0" covered="1"/>
</sourcefile>
<counter type="INSTRUCTION" missed="0" covered="7"/>
<counter type="LINE" missed="0" covered="2"/>
<counter type="COMPLEXITY" missed="0" covered="2"/>
<counter type="METHOD" missed="0" covered="2"/>
<counter type="CLASS" missed="0" covered="1"/>
</package>
<counter type="INSTRUCTION" missed="0" covered="7"/>
<counter type="LINE" missed="0" covered="2"/>
<counter type="COMPLEXITY" missed="0" covered="2"/>
<counter type="METHOD" missed="0" covered="2"/>
<counter type="CLASS" missed="0" covered="1"/>
</report>