<?xml version="1.0" encoding="UTF-8"?>
<testsuite xmlns:xsi="http://www.w3.org/2001/XMLSchema-instance" xsi:noNamespaceSchemaLocation="https://maven.apache.org/surefire/maven-surefire-plugin/xsd/surefire-test-report-3.0.xsd" version="3.0" name="com.taskt6.editor.EditorApplicationTests" time="2.443" tests="1" errors="0" skipped="0" failures="0">
  <properties>
[...]
</properties>
  <testcase name="contextLoads" classname="com.taskt6.editor.EditorApplicationTests" time="0.594">
    <system-out><![CDATA[14:48:16.815 [main] INFO org.springframework.test.context.support.AnnotationConfigContextLoaderUtils -- Could not detect default configuration classes for test class [com.taskt6.editor.EditorApplicationTests]: EditorApplicationTests does not declare any static, non-private, non-final, nested classes annotated with @Configuration.
14:48:16.934 [main] INFO org.springframework.boot.test.context.SpringBootTestContextBootstrapper -- Found @SpringBootConfiguration com.taskt6.editor.EditorApplication for test class com.taskt6.editor.EditorApplicationTests

  .   ____          _            __ _ _
 /\\ / ___'_ __ _ _(_)_ __  __ _ \ \ \ \
( ( )\___ | '_ | '_| | '_ \/ _` | \ \ \ \
 \\/  ___)| |_)| | | | | || (_| |  ) ) ) )
  '  |____| .__|_| |_|_| |_\__, | / / / /
 =========|_|==============|___/=/_/_/_/
 :: Spring Boot ::                (v3.1.0)

2023-06-16T14:48:17.627+02:00  INFO 29410 --- [           main] c.taskt6.editor.EditorApplicationTests   : Starting EditorApplicationTests using Java 20.0.1 with PID 29410 (started by martaassuntasichinolfi in /Users/martaassuntasichinolfi/Desktop/ESAMI/SOFTWARE ARCHITECTURE DESIGN/PROGETTO/T6-G16/T6-G16_github/spring_integration_t5/T6-G16-newmain/T6-G16-main/spring/editor)
2023-06-16T14:48:17.629+02:00  INFO 29410 --- [           main] c.taskt6.editor.EditorApplicationTests   : No active profile set, falling back to 1 default profile: "default"
2023-06-16T14:48:18.474+02:00  INFO 29410 --- [           main] c.taskt6.editor.EditorApplicationTests   : Started EditorApplicationTests in 1.363 seconds (process running for 2.283)
]]></system-out>
  </testcase>
</testsuite>